{
  message: 'Listening on port 4000',
  level: 'info',
  timestamp: '2020-03-30T09:08:14.436Z'
}
{
  message: 'connect to gamesStore mongoDB successfully',
  level: 'info',
  timestamp: '2020-03-30T09:08:14.771Z'
}
{
  message: 'Listening on port 4000',
  level: 'info',
  timestamp: '2020-03-30T09:09:12.825Z'
}
{
  message: 'connect to gamesStore mongoDB successfully',
  level: 'info',
  timestamp: '2020-03-30T09:09:13.222Z'
}
{
  message: 'Listening on port 4000',
  level: 'info',
  timestamp: '2020-03-30T09:09:30.608Z'
}
{
  message: 'connect to gamesStore mongoDB successfully',
  level: 'info',
  timestamp: '2020-03-30T09:09:30.932Z'
}
{
  message: 'Listening on port 4000',
  level: 'info',
  timestamp: '2020-03-30T09:09:36.455Z'
}
{
  message: 'connect to gamesStore mongoDB successfully',
  level: 'info',
  timestamp: '2020-03-30T09:09:36.775Z'
}
{
  message: 'Listening on port 4000',
  level: 'info',
  timestamp: '2020-03-30T09:09:54.976Z'
}
{
  message: 'connect to gamesStore mongoDB successfully',
  level: 'info',
  timestamp: '2020-03-30T09:09:55.293Z'
}
{
  message: 'Listening on port 4000',
  level: 'info',
  timestamp: '2020-03-30T09:10:00.233Z'
}
{
  message: 'connect to gamesStore mongoDB successfully',
  level: 'info',
  timestamp: '2020-03-30T09:10:00.580Z'
}
{
  message: 'Listening on port 4000',
  level: 'info',
  timestamp: '2020-03-30T09:10:13.946Z'
}
{
  message: 'connect to gamesStore mongoDB successfully',
  level: 'info',
  timestamp: '2020-03-30T09:10:14.249Z'
}
{
  message: 'Listening on port 4000',
  level: 'info',
  timestamp: '2020-03-30T09:11:00.857Z'
}
{
  message: 'connect to gamesStore mongoDB successfully',
  level: 'info',
  timestamp: '2020-03-30T09:11:01.228Z'
}
{
  message: 'Listening on port 4000',
  level: 'info',
  timestamp: '2020-03-30T09:11:17.239Z'
}
{
  message: 'connect to gamesStore mongoDB successfully',
  level: 'info',
  timestamp: '2020-03-30T09:11:17.498Z'
}
{
  message: 'Listening on port 4000',
  level: 'info',
  timestamp: '2020-03-30T09:11:38.170Z'
}
{
  message: 'connect to gamesStore mongoDB successfully',
  level: 'info',
  timestamp: '2020-03-30T09:11:38.463Z'
}
{
  message: 'Listening on port 4000',
  level: 'info',
  timestamp: '2020-03-30T09:13:20.157Z'
}
{
  message: 'connect to gamesStore mongoDB successfully',
  level: 'info',
  timestamp: '2020-03-30T09:13:20.678Z'
}
{
  message: 'Listening on port 4000',
  level: 'info',
  timestamp: '2020-03-30T09:13:36.583Z'
}
{
  message: 'connect to gamesStore mongoDB successfully',
  level: 'info',
  timestamp: '2020-03-30T09:13:37.642Z'
}
{
  message: 'Listening on port 4000',
  level: 'info',
  timestamp: '2020-03-30T09:14:10.575Z'
}
{
  message: 'connect to gamesStore mongoDB successfully',
  level: 'info',
  timestamp: '2020-03-30T09:14:10.840Z'
}
{
  message: 'Listening on port 4000',
  level: 'info',
  timestamp: '2020-03-30T09:14:15.130Z'
}
{
  message: 'connect to gamesStore mongoDB successfully',
  level: 'info',
  timestamp: '2020-03-30T09:14:15.465Z'
}
{
  message: 'Listening on port 4000',
  level: 'info',
  timestamp: '2020-03-30T10:46:56.598Z'
}
{
  message: 'connect to gamesStore mongoDB successfully',
  level: 'info',
  timestamp: '2020-03-30T10:46:57.197Z'
}
{
  message: 'Listening on port 4000',
  level: 'info',
  timestamp: '2020-03-30T10:47:02.670Z'
}
{
  message: 'connect to gamesStore mongoDB successfully',
  level: 'info',
  timestamp: '2020-03-30T10:47:03.102Z'
}
{
  message: 'Listening on port 4000',
  level: 'info',
  timestamp: '2020-03-30T10:47:40.213Z'
}
{
  message: 'connect to gamesStore mongoDB successfully',
  level: 'info',
  timestamp: '2020-03-30T10:47:40.684Z'
}
{
  message: 'Listening on port 4000',
  level: 'info',
  timestamp: '2020-03-30T10:47:48.289Z'
}
{
  message: 'connect to gamesStore mongoDB successfully',
  level: 'info',
  timestamp: '2020-03-30T10:47:48.770Z'
}
{
  message: 'Listening on port 4000',
  level: 'info',
  timestamp: '2020-03-30T10:48:01.001Z'
}
{
  message: 'connect to gamesStore mongoDB successfully',
  level: 'info',
  timestamp: '2020-03-30T10:48:01.679Z'
}
{
  message: 'Listening on port 4000',
  level: 'info',
  timestamp: '2020-03-30T10:49:07.789Z'
}
{
  message: 'connect to gamesStore mongoDB successfully',
  level: 'info',
  timestamp: '2020-03-30T10:49:08.286Z'
}
{
  message: 'Listening on port 4000',
  level: 'info',
  timestamp: '2020-03-30T10:53:31.241Z'
}
{
  message: 'connect to gamesStore mongoDB successfully',
  level: 'info',
  timestamp: '2020-03-30T10:53:31.915Z'
}
{
  message: 'Listening on port 4000',
  level: 'info',
  timestamp: '2020-03-30T10:55:34.724Z'
}
{
  message: 'connect to gamesStore mongoDB successfully',
  level: 'info',
  timestamp: '2020-03-30T10:55:35.169Z'
}
{
  message: 'Listening on port 4000',
  level: 'info',
  timestamp: '2020-03-30T10:55:58.521Z'
}
{
  message: 'connect to gamesStore mongoDB successfully',
  level: 'info',
  timestamp: '2020-03-30T10:55:59.142Z'
}
{
  message: 'Listening on port 4000',
  level: 'info',
  timestamp: '2020-03-30T10:56:01.927Z'
}
{
  message: 'connect to gamesStore mongoDB successfully',
  level: 'info',
  timestamp: '2020-03-30T10:56:02.269Z'
}
{
  message: 'Listening on port 4000',
  level: 'info',
  timestamp: '2020-03-30T10:57:00.418Z'
}
{
  message: 'connect to gamesStore mongoDB successfully',
  level: 'info',
  timestamp: '2020-03-30T10:57:00.831Z'
}
{
  message: 'Listening on port 4000',
  level: 'info',
  timestamp: '2020-03-30T10:57:35.581Z'
}
{
  message: 'connect to gamesStore mongoDB successfully',
  level: 'info',
  timestamp: '2020-03-30T10:57:35.998Z'
}
{
  message: 'Listening on port 4000',
  level: 'info',
  timestamp: '2020-03-30T11:00:23.928Z'
}
{
  message: 'connect to gamesStore mongoDB successfully',
  level: 'info',
  timestamp: '2020-03-30T11:00:24.382Z'
}
{
  message: 'Updated age to genres collection.',
  level: 'info',
  timestamp: '2020-03-30T11:00:25.912Z'
}
{
  message: 'Listening on port 4000',
  level: 'info',
  timestamp: '2020-03-30T11:03:41.673Z'
}
{
  message: 'connect to gamesStore mongoDB successfully',
  level: 'info',
  timestamp: '2020-03-30T11:03:42.245Z'
}
{
  message: 'Listening on port 4000',
  level: 'info',
  timestamp: '2020-03-30T11:03:46.712Z'
}
{
  message: 'connect to gamesStore mongoDB successfully',
  level: 'info',
  timestamp: '2020-03-30T11:03:47.234Z'
}
{
  message: 'Updated age to genres collection.',
  level: 'info',
  timestamp: '2020-03-30T11:03:51.200Z'
}
{
  message: 'Listening on port 4000',
  level: 'info',
  timestamp: '2020-03-30T11:04:16.627Z'
}
{
  message: 'connect to gamesStore mongoDB successfully',
  level: 'info',
  timestamp: '2020-03-30T11:04:17.093Z'
}
{
  message: 'Listening on port 4000',
  level: 'info',
  timestamp: '2020-03-30T11:05:59.234Z'
}
{
  message: 'connect to gamesStore mongoDB successfully',
  level: 'info',
  timestamp: '2020-03-30T11:05:59.695Z'
}
{
  message: 'Updated age to genres collection.',
  level: 'info',
  timestamp: '2020-03-30T11:06:02.183Z'
}
{
  message: 'Listening on port 4000',
  level: 'info',
  timestamp: '2020-03-30T11:06:41.099Z'
}
{
  message: 'connect to gamesStore mongoDB successfully',
  level: 'info',
  timestamp: '2020-03-30T11:06:41.516Z'
}
{
  message: 'Updated age to genres collection.',
  level: 'info',
  timestamp: '2020-03-30T11:06:42.677Z'
}
{
  message: 'Updated age to genres collection.',
  level: 'info',
  timestamp: '2020-03-30T11:07:12.110Z'
}
{
  message: 'Listening on port 4000',
  level: 'info',
  timestamp: '2020-03-30T11:12:45.692Z'
}
{
  message: 'connect to gamesStore mongoDB successfully',
  level: 'info',
  timestamp: '2020-03-30T11:12:46.088Z'
}
{
  message: 'Listening on port 4000',
  level: 'info',
  timestamp: '2020-03-30T11:12:52.377Z'
}
{
  message: 'connect to gamesStore mongoDB successfully',
  level: 'info',
  timestamp: '2020-03-30T11:12:52.819Z'
}
{
  message: 'Listening on port 4000',
  level: 'info',
  timestamp: '2020-03-30T11:15:07.497Z'
}
{
  message: 'connect to gamesStore mongoDB successfully',
  level: 'info',
  timestamp: '2020-03-30T11:15:08.234Z'
}
{
  message: 'Listening on port 4000',
  level: 'info',
  timestamp: '2020-03-30T11:15:12.836Z'
}
{
  message: 'connect to gamesStore mongoDB successfully',
  level: 'info',
  timestamp: '2020-03-30T11:15:13.274Z'
}
{
  message: 'Listening on port 4000',
  level: 'info',
  timestamp: '2020-03-30T11:15:40.321Z'
}
{
  message: 'connect to gamesStore mongoDB successfully',
  level: 'info',
  timestamp: '2020-03-30T11:15:40.756Z'
}
{
  message: 'deleted age to genres collection.',
  level: 'info',
  timestamp: '2020-03-30T11:16:05.494Z'
}
{
  message: 'Listening on port 4000',
  level: 'info',
  timestamp: '2020-03-30T11:16:36.690Z'
}
{
  message: 'connect to gamesStore mongoDB successfully',
  level: 'info',
  timestamp: '2020-03-30T11:16:37.356Z'
}
{
  message: 'Listening on port 4000',
  level: 'info',
  timestamp: '2020-03-30T11:16:51.812Z'
}
{
  message: 'connect to gamesStore mongoDB successfully',
  level: 'info',
  timestamp: '2020-03-30T11:16:52.787Z'
}
{
  message: 'Added age to genres collection.',
  level: 'info',
  timestamp: '2020-03-30T11:16:58.274Z'
}
{
  message: 'deleted age to genres collection.',
  level: 'info',
  timestamp: '2020-03-30T11:17:14.733Z'
}
{
  message: 'Listening on port 4000',
  level: 'info',
  timestamp: '2020-03-30T11:20:20.765Z'
}
{
  message: 'connect to gamesStore mongoDB successfully',
  level: 'info',
  timestamp: '2020-03-30T11:20:21.308Z'
}
{
  message: 'Listening on port 4000',
  level: 'info',
  timestamp: '2020-03-30T11:30:35.635Z'
}
{
  message: 'connect to gamesStore mongoDB successfully',
  level: 'info',
  timestamp: '2020-03-30T11:30:36.376Z'
}
{
  message: 'Listening on port 4000',
  level: 'info',
  timestamp: '2020-03-30T11:52:57.175Z'
}
{
  message: 'connect to gamesStore mongoDB successfully',
  level: 'info',
  timestamp: '2020-03-30T11:52:57.614Z'
}
{
  message: 'Listening on port 4000',
  level: 'info',
  timestamp: '2020-03-30T11:53:11.924Z'
}
{
  message: 'connect to gamesStore mongoDB successfully',
  level: 'info',
  timestamp: '2020-03-30T11:53:12.321Z'
}
{
  message: 'Listening on port 4000',
  level: 'info',
  timestamp: '2020-03-30T11:53:35.494Z'
}
{
  message: 'connect to gamesStore mongoDB successfully',
  level: 'info',
  timestamp: '2020-03-30T11:53:35.887Z'
}
{
  message: 'Listening on port 4000',
  level: 'info',
  timestamp: '2020-03-30T11:53:40.897Z'
}
{
  message: 'connect to gamesStore mongoDB successfully',
  level: 'info',
  timestamp: '2020-03-30T11:53:41.301Z'
}
{
  message: 'Listening on port 4000',
  level: 'info',
  timestamp: '2020-03-30T11:53:44.896Z'
}
{
  message: 'connect to gamesStore mongoDB successfully',
  level: 'info',
  timestamp: '2020-03-30T11:53:45.219Z'
}
{
  message: 'Listening on port 4000',
  level: 'info',
  timestamp: '2020-03-30T11:53:59.522Z'
}
{
  message: 'connect to gamesStore mongoDB successfully',
  level: 'info',
  timestamp: '2020-03-30T11:53:59.951Z'
}
{
  message: 'Listening on port 4000',
  level: 'info',
  timestamp: '2020-03-30T11:54:10.702Z'
}
{
  message: 'connect to gamesStore mongoDB successfully',
  level: 'info',
  timestamp: '2020-03-30T11:54:11.073Z'
}
{
  message: 'Listening on port 4000',
  level: 'info',
  timestamp: '2020-03-30T11:54:14.863Z'
}
{
  message: 'connect to gamesStore mongoDB successfully',
  level: 'info',
  timestamp: '2020-03-30T11:54:15.255Z'
}
{
  message: 'Listening on port 4000',
  level: 'info',
  timestamp: '2020-03-30T11:54:22.453Z'
}
{
  message: 'connect to gamesStore mongoDB successfully',
  level: 'info',
  timestamp: '2020-03-30T11:54:22.806Z'
}
{
  message: 'Listening on port 4000',
  level: 'info',
  timestamp: '2020-03-30T11:54:26.962Z'
}
{
  message: 'connect to gamesStore mongoDB successfully',
  level: 'info',
  timestamp: '2020-03-30T11:54:27.338Z'
}
{
  message: 'Listening on port 4000',
  level: 'info',
  timestamp: '2020-03-30T11:54:58.660Z'
}
{
  message: 'connect to gamesStore mongoDB successfully',
  level: 'info',
  timestamp: '2020-03-30T11:54:59.147Z'
}
{
  message: 'Listening on port 4000',
  level: 'info',
  timestamp: '2020-03-30T11:55:03.953Z'
}
{
  message: 'connect to gamesStore mongoDB successfully',
  level: 'info',
  timestamp: '2020-03-30T11:55:04.282Z'
}
{
  message: 'Listening on port 4000',
  level: 'info',
  timestamp: '2020-03-30T11:55:08.775Z'
}
{
  message: 'connect to gamesStore mongoDB successfully',
  level: 'info',
  timestamp: '2020-03-30T11:55:09.154Z'
}
{
  message: 'Listening on port 4000',
  level: 'info',
  timestamp: '2020-03-30T11:55:23.855Z'
}
{
  message: 'connect to gamesStore mongoDB successfully',
  level: 'info',
  timestamp: '2020-03-30T11:55:24.245Z'
}
{
  message: 'Listening on port 4000',
  level: 'info',
  timestamp: '2020-03-30T11:57:53.283Z'
}
{
  message: 'connect to gamesStore mongoDB successfully',
  level: 'info',
  timestamp: '2020-03-30T11:57:53.674Z'
}
{
  message: 'Listening on port 4000',
  level: 'info',
  timestamp: '2020-03-30T11:59:08.084Z'
}
{
  message: 'connect to gamesStore mongoDB successfully',
  level: 'info',
  timestamp: '2020-03-30T11:59:10.297Z'
}
{
  message: 'Listening on port 4000',
  level: 'info',
  timestamp: '2020-03-30T11:59:15.320Z'
}
{
  message: 'connect to gamesStore mongoDB successfully',
  level: 'info',
  timestamp: '2020-03-30T11:59:15.905Z'
}
{
  message: 'Listening on port 4000',
  level: 'info',
  timestamp: '2020-03-30T11:59:53.937Z'
}
{
  message: 'connect to gamesStore mongoDB successfully',
  level: 'info',
  timestamp: '2020-03-30T11:59:54.284Z'
}
{
  message: 'Listening on port 4000',
  level: 'info',
  timestamp: '2020-03-30T11:59:58.166Z'
}
{
  message: 'connect to gamesStore mongoDB successfully',
  level: 'info',
  timestamp: '2020-03-30T11:59:58.647Z'
}
{
  message: 'Listening on port 4000',
  level: 'info',
  timestamp: '2020-03-30T12:01:19.750Z'
}
{
  message: 'connect to gamesStore mongoDB successfully',
  level: 'info',
  timestamp: '2020-03-30T12:01:20.266Z'
}
{
  message: 'Listening on port 4000',
  level: 'info',
  timestamp: '2020-03-30T12:02:13.875Z'
}
{
  message: 'connect to gamesStore mongoDB successfully',
  level: 'info',
  timestamp: '2020-03-30T12:02:14.244Z'
}
{
  message: 'Listening on port 4000',
  level: 'info',
  timestamp: '2020-03-30T12:03:55.493Z'
}
{
  message: 'connect to gamesStore mongoDB successfully',
  level: 'info',
  timestamp: '2020-03-30T12:03:55.953Z'
}
{
  message: 'Listening on port 4000',
  level: 'info',
  timestamp: '2020-03-30T12:05:02.869Z'
}
{
  message: 'connect to gamesStore mongoDB successfully',
  level: 'info',
  timestamp: '2020-03-30T12:05:03.394Z'
}
{
  message: 'Listening on port 4000',
  level: 'info',
  timestamp: '2020-03-30T12:07:55.926Z'
}
{
  message: 'connect to gamesStore mongoDB successfully',
  level: 'info',
  timestamp: '2020-03-30T12:07:56.645Z'
}
{
  message: 'Listening on port 4000',
  level: 'info',
  timestamp: '2020-03-30T12:08:06.852Z'
}
{
  message: 'connect to gamesStore mongoDB successfully',
  level: 'info',
  timestamp: '2020-03-30T12:08:07.326Z'
}
{
  message: 'Listening on port 4000',
  level: 'info',
  timestamp: '2020-03-30T12:09:05.602Z'
}
{
  message: 'connect to gamesStore mongoDB successfully',
  level: 'info',
  timestamp: '2020-03-30T12:09:06.179Z'
}
{
  message: 'Listening on port 4000',
  level: 'info',
  timestamp: '2020-03-30T12:09:10.965Z'
}
{
  message: 'connect to gamesStore mongoDB successfully',
  level: 'info',
  timestamp: '2020-03-30T12:09:11.337Z'
}
{
  message: 'Listening on port 4000',
  level: 'info',
  timestamp: '2020-03-30T12:09:28.558Z'
}
{
  message: 'connect to gamesStore mongoDB successfully',
  level: 'info',
  timestamp: '2020-03-30T12:09:33.923Z'
}
{
  message: 'Listening on port 4000',
  level: 'info',
  timestamp: '2020-03-30T12:10:17.577Z'
}
{
  message: 'connect to gamesStore mongoDB successfully',
  level: 'info',
  timestamp: '2020-03-30T12:10:17.985Z'
}
{
  message: 'Listening on port 4000',
  level: 'info',
  timestamp: '2020-03-30T12:11:19.975Z'
}
{
  message: 'connect to gamesStore mongoDB successfully',
  level: 'info',
  timestamp: '2020-03-30T12:11:20.711Z'
}
{
  message: 'Listening on port 4000',
  level: 'info',
  timestamp: '2020-03-30T12:12:06.943Z'
}
{
  message: 'connect to gamesStore mongoDB successfully',
  level: 'info',
  timestamp: '2020-03-30T12:12:07.411Z'
}
{
  message: 'Listening on port 4000',
  level: 'info',
  timestamp: '2020-03-30T12:12:46.860Z'
}
{
  message: 'connect to gamesStore mongoDB successfully',
  level: 'info',
  timestamp: '2020-03-30T12:12:47.346Z'
}
{
  message: 'Listening on port 4000',
  level: 'info',
  timestamp: '2020-03-30T12:13:00.080Z'
}
{
  message: 'connect to gamesStore mongoDB successfully',
  level: 'info',
  timestamp: '2020-03-30T12:13:00.661Z'
}
{
  message: 'Listening on port 4000',
  level: 'info',
  timestamp: '2020-03-30T12:13:13.879Z'
}
{
  message: 'connect to gamesStore mongoDB successfully',
  level: 'info',
  timestamp: '2020-03-30T12:13:14.707Z'
}
{
  message: 'Listening on port 4000',
  level: 'info',
  timestamp: '2020-03-30T12:13:18.712Z'
}
{
  message: 'connect to gamesStore mongoDB successfully',
  level: 'info',
  timestamp: '2020-03-30T12:13:19.202Z'
}
{
  message: 'Listening on port 4000',
  level: 'info',
  timestamp: '2020-03-30T12:13:26.588Z'
}
{
  message: 'connect to gamesStore mongoDB successfully',
  level: 'info',
  timestamp: '2020-03-30T12:13:27.048Z'
}
{
  message: 'Listening on port 4000',
  level: 'info',
  timestamp: '2020-03-30T12:13:45.025Z'
}
{
  message: 'connect to gamesStore mongoDB successfully',
  level: 'info',
  timestamp: '2020-03-30T12:13:45.638Z'
}
{
  message: 'Listening on port 4000',
  level: 'info',
  timestamp: '2020-03-30T12:15:30.432Z'
}
{
  message: 'connect to gamesStore mongoDB successfully',
  level: 'info',
  timestamp: '2020-03-30T12:15:31.258Z'
}
{
  message: 'Listening on port 4000',
  level: 'info',
  timestamp: '2020-03-30T12:17:43.643Z'
}
{
  message: 'connect to gamesStore mongoDB successfully',
  level: 'info',
  timestamp: '2020-03-30T12:17:44.178Z'
}
{
  message: 'Listening on port 4000',
  level: 'info',
  timestamp: '2020-03-30T12:18:01.573Z'
}
{
  message: 'connect to gamesStore mongoDB successfully',
  level: 'info',
  timestamp: '2020-03-30T12:18:01.949Z'
}
{
  message: 'Listening on port 4000',
  level: 'info',
  timestamp: '2020-03-30T12:18:20.928Z'
}
{
  message: 'connect to gamesStore mongoDB successfully',
  level: 'info',
  timestamp: '2020-03-30T12:18:21.298Z'
}
{
  message: 'Listening on port 4000',
  level: 'info',
  timestamp: '2020-03-30T12:19:08.812Z'
}
{
  message: 'connect to gamesStore mongoDB successfully',
  level: 'info',
  timestamp: '2020-03-30T12:19:09.525Z'
}
{
  message: 'Listening on port 4000',
  level: 'info',
  timestamp: '2020-03-30T12:20:10.894Z'
}
{
  message: 'connect to gamesStore mongoDB successfully',
  level: 'info',
  timestamp: '2020-03-30T12:20:11.530Z'
}
{
  message: 'Listening on port 4000',
  level: 'info',
  timestamp: '2020-03-30T12:22:21.436Z'
}
{
  message: 'connect to gamesStore mongoDB successfully',
  level: 'info',
  timestamp: '2020-03-30T12:22:22.040Z'
}
{
  message: 'Listening on port 4000',
  level: 'info',
  timestamp: '2020-03-30T12:23:16.647Z'
}
{
  message: 'connect to gamesStore mongoDB successfully',
  level: 'info',
  timestamp: '2020-03-30T12:23:17.180Z'
}
{
  message: 'Listening on port 4000',
  level: 'info',
  timestamp: '2020-03-30T12:23:44.391Z'
}
{
  message: 'connect to gamesStore mongoDB successfully',
  level: 'info',
  timestamp: '2020-03-30T12:23:44.971Z'
}
{
  message: 'Listening on port 4000',
  level: 'info',
  timestamp: '2020-03-30T12:23:56.109Z'
}
{
  message: 'connect to gamesStore mongoDB successfully',
  level: 'info',
  timestamp: '2020-03-30T12:23:56.545Z'
}
{
  message: 'Listening on port 4000',
  level: 'info',
  timestamp: '2020-03-30T12:24:24.356Z'
}
{
  message: 'connect to gamesStore mongoDB successfully',
  level: 'info',
  timestamp: '2020-03-30T12:24:24.758Z'
}
{
  message: 'Listening on port 4000',
  level: 'info',
  timestamp: '2020-03-30T12:24:32.494Z'
}
{
  message: 'connect to gamesStore mongoDB successfully',
  level: 'info',
  timestamp: '2020-03-30T12:24:32.897Z'
}
{
  message: 'Listening on port 4000',
  level: 'info',
  timestamp: '2020-03-30T12:24:37.081Z'
}
{
  message: 'connect to gamesStore mongoDB successfully',
  level: 'info',
  timestamp: '2020-03-30T12:24:37.438Z'
}
{
  message: 'Listening on port 4000',
  level: 'info',
  timestamp: '2020-03-30T12:24:50.950Z'
}
{
  message: 'connect to gamesStore mongoDB successfully',
  level: 'info',
  timestamp: '2020-03-30T12:24:51.375Z'
}
{
  message: 'Listening on port 4000',
  level: 'info',
  timestamp: '2020-03-30T12:25:33.997Z'
}
{
  message: 'connect to gamesStore mongoDB successfully',
  level: 'info',
  timestamp: '2020-03-30T12:25:34.315Z'
}
{
  message: 'Listening on port 4000',
  level: 'info',
  timestamp: '2020-03-30T12:26:32.907Z'
}
{
  message: 'connect to gamesStore mongoDB successfully',
  level: 'info',
  timestamp: '2020-03-30T12:26:33.262Z'
}
{
  message: 'Listening on port 4000',
  level: 'info',
  timestamp: '2020-03-30T12:26:37.030Z'
}
{
  message: 'connect to gamesStore mongoDB successfully',
  level: 'info',
  timestamp: '2020-03-30T12:26:37.335Z'
}
{
  message: 'Listening on port 4000',
  level: 'info',
  timestamp: '2020-03-30T12:26:45.116Z'
}
{
  message: 'connect to gamesStore mongoDB successfully',
  level: 'info',
  timestamp: '2020-03-30T12:26:45.447Z'
}
{
  message: 'Listening on port 4000',
  level: 'info',
  timestamp: '2020-03-30T12:27:16.690Z'
}
{
  message: 'connect to gamesStore mongoDB successfully',
  level: 'info',
  timestamp: '2020-03-30T12:27:17.037Z'
}
{
  message: 'Listening on port 4000',
  level: 'info',
  timestamp: '2020-03-30T12:27:48.560Z'
}
{
  message: 'connect to gamesStore mongoDB successfully',
  level: 'info',
  timestamp: '2020-03-30T12:27:48.879Z'
}
{
  message: 'Listening on port 4000',
  level: 'info',
  timestamp: '2020-03-30T12:27:51.656Z'
}
{
  message: 'connect to gamesStore mongoDB successfully',
  level: 'info',
  timestamp: '2020-03-30T12:27:51.962Z'
}
{
  message: 'Listening on port 4000',
  level: 'info',
  timestamp: '2020-03-30T12:28:11.583Z'
}
{
  message: 'connect to gamesStore mongoDB successfully',
  level: 'info',
  timestamp: '2020-03-30T12:28:11.923Z'
}
{
  message: 'Listening on port 4000',
  level: 'info',
  timestamp: '2020-03-30T12:28:25.901Z'
}
{
  message: 'connect to gamesStore mongoDB successfully',
  level: 'info',
  timestamp: '2020-03-30T12:28:26.269Z'
}
{
  message: 'Listening on port 4000',
  level: 'info',
  timestamp: '2020-03-30T12:28:31.265Z'
}
{
  message: 'connect to gamesStore mongoDB successfully',
  level: 'info',
  timestamp: '2020-03-30T12:28:31.563Z'
}
{
  message: 'Listening on port 4000',
  level: 'info',
  timestamp: '2020-03-30T12:28:41.828Z'
}
{
  message: 'connect to gamesStore mongoDB successfully',
  level: 'info',
  timestamp: '2020-03-30T12:28:42.210Z'
}
{
  message: 'Listening on port 4000',
  level: 'info',
  timestamp: '2020-03-30T12:29:12.744Z'
}
{
  message: 'connect to gamesStore mongoDB successfully',
  level: 'info',
  timestamp: '2020-03-30T12:29:13.071Z'
}
{
  message: 'Listening on port 4000',
  level: 'info',
  timestamp: '2020-03-30T12:29:55.049Z'
}
{
  message: 'connect to gamesStore mongoDB successfully',
  level: 'info',
  timestamp: '2020-03-30T12:29:55.385Z'
}
{
  message: 'Listening on port 4000',
  level: 'info',
  timestamp: '2020-03-30T12:29:57.364Z'
}
{
  message: 'connect to gamesStore mongoDB successfully',
  level: 'info',
  timestamp: '2020-03-30T12:29:57.689Z'
}
{
  message: 'Listening on port 4000',
  level: 'info',
  timestamp: '2020-03-30T12:30:05.484Z'
}
{
  message: 'connect to gamesStore mongoDB successfully',
  level: 'info',
  timestamp: '2020-03-30T12:30:05.863Z'
}
{
  message: 'Listening on port 4000',
  level: 'info',
  timestamp: '2020-03-30T12:30:10.769Z'
}
{
  message: 'connect to gamesStore mongoDB successfully',
  level: 'info',
  timestamp: '2020-03-30T12:30:11.070Z'
}
{
  message: 'Listening on port 4000',
  level: 'info',
  timestamp: '2020-03-30T12:30:16.992Z'
}
{
  message: 'connect to gamesStore mongoDB successfully',
  level: 'info',
  timestamp: '2020-03-30T12:30:17.314Z'
}
{
  message: 'Listening on port 4000',
  level: 'info',
  timestamp: '2020-03-30T12:30:23.469Z'
}
{
  message: 'connect to gamesStore mongoDB successfully',
  level: 'info',
  timestamp: '2020-03-30T12:30:23.849Z'
}
{
  message: 'Listening on port 4000',
  level: 'info',
  timestamp: '2020-03-30T12:31:02.263Z'
}
{
  message: 'connect to gamesStore mongoDB successfully',
  level: 'info',
  timestamp: '2020-03-30T12:31:02.716Z'
}
{
  message: 'Listening on port 4000',
  level: 'info',
  timestamp: '2020-03-30T12:31:14.656Z'
}
{
  message: 'connect to gamesStore mongoDB successfully',
  level: 'info',
  timestamp: '2020-03-30T12:31:15.073Z'
}
{
  message: 'Listening on port 4000',
  level: 'info',
  timestamp: '2020-03-30T12:31:24.815Z'
}
{
  message: 'connect to gamesStore mongoDB successfully',
  level: 'info',
  timestamp: '2020-03-30T12:31:25.390Z'
}
{
  message: 'Listening on port 4000',
  level: 'info',
  timestamp: '2020-03-30T12:31:49.983Z'
}
{
  message: 'connect to gamesStore mongoDB successfully',
  level: 'info',
  timestamp: '2020-03-30T12:31:50.233Z'
}
{
  message: 'Listening on port 4000',
  level: 'info',
  timestamp: '2020-03-30T12:33:51.010Z'
}
{
  message: 'connect to gamesStore mongoDB successfully',
  level: 'info',
  timestamp: '2020-03-30T12:33:51.349Z'
}
{
  message: 'Inserted a new user with ID: 5e81e73d56157925801e6e8a',
  level: 'info',
  timestamp: '2020-03-30T12:34:05.388Z'
}
{
  message: 'Added balance to users collection.',
  level: 'info',
  timestamp: '2020-03-30T12:35:08.983Z'
}
{
  message: 'Added balance to users collection.',
  level: 'info',
  timestamp: '2020-03-30T12:35:19.231Z'
}
{
  message: 'Added balance to users collection.',
  level: 'info',
  timestamp: '2020-03-30T12:35:22.549Z'
}
{
  message: 'Listening on port 4000',
  level: 'info',
  timestamp: '2020-03-30T13:03:35.044Z'
}
{
  message: 'connect to gamesStore mongoDB successfully',
  level: 'info',
  timestamp: '2020-03-30T13:03:35.411Z'
}
{
  message: 'Listening on port 4000',
  level: 'info',
  timestamp: '2020-03-30T13:04:06.468Z'
}
{
  message: 'connect to gamesStore mongoDB successfully',
  level: 'info',
  timestamp: '2020-03-30T13:04:06.763Z'
}
{
  message: 'Listening on port 4000',
  level: 'info',
  timestamp: '2020-03-30T13:05:39.557Z'
}
{
  message: 'connect to gamesStore mongoDB successfully',
  level: 'info',
  timestamp: '2020-03-30T13:05:39.912Z'
}
{
  message: 'Listening on port 4000',
  level: 'info',
  timestamp: '2020-03-30T13:11:39.778Z'
}
{
  message: 'connect to gamesStore mongoDB successfully',
  level: 'info',
  timestamp: '2020-03-30T13:11:40.213Z'
}
{
  message: 'Listening on port 4000',
  level: 'info',
  timestamp: '2020-03-30T13:12:56.073Z'
}
{
  message: 'connect to gamesStore mongoDB successfully',
  level: 'info',
  timestamp: '2020-03-30T13:12:56.450Z'
}
{
  message: 'Listening on port 4000',
  level: 'info',
  timestamp: '2020-03-30T13:13:52.009Z'
}
{
  message: 'connect to gamesStore mongoDB successfully',
  level: 'info',
  timestamp: '2020-03-30T13:13:52.304Z'
}
{
  message: 'Listening on port 4000',
  level: 'info',
  timestamp: '2020-03-30T13:13:55.935Z'
}
{
  message: 'connect to gamesStore mongoDB successfully',
  level: 'info',
  timestamp: '2020-03-30T13:13:56.268Z'
}
{
  message: 'Listening on port 4000',
  level: 'info',
  timestamp: '2020-03-30T13:14:00.847Z'
}
{
  message: 'connect to gamesStore mongoDB successfully',
  level: 'info',
  timestamp: '2020-03-30T13:14:01.176Z'
}
{
  message: 'Listening on port 4000',
  level: 'info',
  timestamp: '2020-03-30T13:14:04.784Z'
}
{
  message: 'connect to gamesStore mongoDB successfully',
  level: 'info',
  timestamp: '2020-03-30T13:14:05.082Z'
}
{
  message: 'Listening on port 4000',
  level: 'info',
  timestamp: '2020-03-30T13:14:17.613Z'
}
{
  message: 'connect to gamesStore mongoDB successfully',
  level: 'info',
  timestamp: '2020-03-30T13:14:17.983Z'
}
{
  message: 'Listening on port 4000',
  level: 'info',
  timestamp: '2020-03-30T13:14:36.377Z'
}
{
  message: 'connect to gamesStore mongoDB successfully',
  level: 'info',
  timestamp: '2020-03-30T13:14:36.657Z'
}
{
  message: 'Listening on port 4000',
  level: 'info',
  timestamp: '2020-03-30T13:14:40.559Z'
}
{
  message: 'connect to gamesStore mongoDB successfully',
  level: 'info',
  timestamp: '2020-03-30T13:14:40.814Z'
}
{
  message: 'Listening on port 4000',
  level: 'info',
  timestamp: '2020-03-30T13:15:10.286Z'
}
{
  message: 'connect to gamesStore mongoDB successfully',
  level: 'info',
  timestamp: '2020-03-30T13:15:10.993Z'
}
{
  message: 'Listening on port 4000',
  level: 'info',
  timestamp: '2020-03-30T13:15:35.818Z'
}
{
  message: 'connect to gamesStore mongoDB successfully',
  level: 'info',
  timestamp: '2020-03-30T13:15:36.179Z'
}
{
  message: 'Listening on port 4000',
  level: 'info',
  timestamp: '2020-03-30T13:15:42.355Z'
}
{
  message: 'connect to gamesStore mongoDB successfully',
  level: 'info',
  timestamp: '2020-03-30T13:15:42.677Z'
}
{
  message: 'Listening on port 4000',
  level: 'info',
  timestamp: '2020-03-30T13:15:58.220Z'
}
{
  message: 'connect to gamesStore mongoDB successfully',
  level: 'info',
  timestamp: '2020-03-30T13:15:58.554Z'
}
{
  message: 'Listening on port 4000',
  level: 'info',
  timestamp: '2020-03-30T13:16:19.966Z'
}
{
  message: 'connect to gamesStore mongoDB successfully',
  level: 'info',
  timestamp: '2020-03-30T13:16:20.355Z'
}
{
  message: 'Listening on port 4000',
  level: 'info',
  timestamp: '2020-03-30T13:16:29.885Z'
}
{
  message: 'connect to gamesStore mongoDB successfully',
  level: 'info',
  timestamp: '2020-03-30T13:16:30.395Z'
}
{
  message: 'Listening on port 4000',
  level: 'info',
  timestamp: '2020-03-30T13:16:39.879Z'
}
{
  message: 'connect to gamesStore mongoDB successfully',
  level: 'info',
  timestamp: '2020-03-30T13:16:40.185Z'
}
{
  message: 'Listening on port 4000',
  level: 'info',
  timestamp: '2020-03-30T13:16:51.197Z'
}
{
  message: 'connect to gamesStore mongoDB successfully',
  level: 'info',
  timestamp: '2020-03-30T13:16:51.503Z'
}
{
  message: 'Listening on port 4000',
  level: 'info',
  timestamp: '2020-03-30T13:16:53.553Z'
}
{
  message: 'connect to gamesStore mongoDB successfully',
  level: 'info',
  timestamp: '2020-03-30T13:16:53.850Z'
}
{
  message: 'Listening on port 4000',
  level: 'info',
  timestamp: '2020-03-30T13:16:57.587Z'
}
{
  message: 'connect to gamesStore mongoDB successfully',
  level: 'info',
  timestamp: '2020-03-30T13:16:58.009Z'
}
{
  message: 'Listening on port 4000',
  level: 'info',
  timestamp: '2020-03-30T13:16:59.538Z'
}
{
  message: 'connect to gamesStore mongoDB successfully',
  level: 'info',
  timestamp: '2020-03-30T13:16:59.908Z'
}
{
  message: 'Listening on port 4000',
  level: 'info',
  timestamp: '2020-03-30T13:17:03.761Z'
}
{
  message: 'connect to gamesStore mongoDB successfully',
  level: 'info',
  timestamp: '2020-03-30T13:17:04.233Z'
}
{
  message: 'Listening on port 4000',
  level: 'info',
  timestamp: '2020-03-30T13:17:24.143Z'
}
{
  message: 'connect to gamesStore mongoDB successfully',
  level: 'info',
  timestamp: '2020-03-30T13:17:24.463Z'
}
{
  message: 'Listening on port 4000',
  level: 'info',
  timestamp: '2020-03-30T13:19:43.221Z'
}
{
  message: 'connect to gamesStore mongoDB successfully',
  level: 'info',
  timestamp: '2020-03-30T13:19:43.603Z'
}
{
  message: 'Listening on port 4000',
  level: 'info',
  timestamp: '2020-03-30T13:20:19.570Z'
}
{
  message: 'connect to gamesStore mongoDB successfully',
  level: 'info',
  timestamp: '2020-03-30T13:20:19.911Z'
}
{
  message: 'Listening on port 4000',
  level: 'info',
  timestamp: '2020-03-30T13:20:55.174Z'
}
{
  message: 'connect to gamesStore mongoDB successfully',
  level: 'info',
  timestamp: '2020-03-30T13:20:55.627Z'
}
{
  message: 'Listening on port 4000',
  level: 'info',
  timestamp: '2020-03-30T13:21:51.928Z'
}
{
  message: 'connect to gamesStore mongoDB successfully',
  level: 'info',
  timestamp: '2020-03-30T13:21:52.279Z'
}
{
  message: 'Listening on port 4000',
  level: 'info',
  timestamp: '2020-03-30T13:22:00.266Z'
}
{
  message: 'connect to gamesStore mongoDB successfully',
  level: 'info',
  timestamp: '2020-03-30T13:22:00.628Z'
}
{
  message: 'Listening on port 4000',
  level: 'info',
  timestamp: '2020-03-30T13:22:14.526Z'
}
{
  message: 'connect to gamesStore mongoDB successfully',
  level: 'info',
  timestamp: '2020-03-30T13:22:14.894Z'
}
{
  message: 'Listening on port 4000',
  level: 'info',
  timestamp: '2020-03-30T13:22:46.480Z'
}
{
  message: 'connect to gamesStore mongoDB successfully',
  level: 'info',
  timestamp: '2020-03-30T13:22:46.890Z'
}
{
  message: 'Listening on port 4000',
  level: 'info',
  timestamp: '2020-03-30T13:22:51.536Z'
}
{
  message: 'connect to gamesStore mongoDB successfully',
  level: 'info',
  timestamp: '2020-03-30T13:22:51.833Z'
}
{
  message: 'Listening on port 4000',
  level: 'info',
  timestamp: '2020-03-30T13:23:01.650Z'
}
{
  message: 'connect to gamesStore mongoDB successfully',
  level: 'info',
  timestamp: '2020-03-30T13:23:02.021Z'
}
{
  message: 'Listening on port 4000',
  level: 'info',
  timestamp: '2020-03-30T13:23:07.828Z'
}
{
  message: 'connect to gamesStore mongoDB successfully',
  level: 'info',
  timestamp: '2020-03-30T13:23:08.150Z'
}
{
  message: 'Listening on port 4000',
  level: 'info',
  timestamp: '2020-03-30T13:23:12.585Z'
}
{
  message: 'connect to gamesStore mongoDB successfully',
  level: 'info',
  timestamp: '2020-03-30T13:23:12.884Z'
}
{
  message: 'Listening on port 4000',
  level: 'info',
  timestamp: '2020-03-30T13:23:21.827Z'
}
{
  message: 'connect to gamesStore mongoDB successfully',
  level: 'info',
  timestamp: '2020-03-30T13:23:22.179Z'
}
{
  message: 'Listening on port 4000',
  level: 'info',
  timestamp: '2020-03-30T13:23:27.605Z'
}
{
  message: 'connect to gamesStore mongoDB successfully',
  level: 'info',
  timestamp: '2020-03-30T13:23:27.879Z'
}
{
  message: 'Listening on port 4000',
  level: 'info',
  timestamp: '2020-03-30T13:23:44.271Z'
}
{
  message: 'connect to gamesStore mongoDB successfully',
  level: 'info',
  timestamp: '2020-03-30T13:23:44.608Z'
}
{
  message: 'Listening on port 4000',
  level: 'info',
  timestamp: '2020-03-30T13:24:12.671Z'
}
{
  message: 'connect to gamesStore mongoDB successfully',
  level: 'info',
  timestamp: '2020-03-30T13:24:13.434Z'
}
{
  message: 'Listening on port 4000',
  level: 'info',
  timestamp: '2020-03-30T13:24:36.102Z'
}
{
  message: 'connect to gamesStore mongoDB successfully',
  level: 'info',
  timestamp: '2020-03-30T13:24:36.440Z'
}
{
  message: 'Listening on port 4000',
  level: 'info',
  timestamp: '2020-03-30T13:24:48.719Z'
}
{
  message: 'connect to gamesStore mongoDB successfully',
  level: 'info',
  timestamp: '2020-03-30T13:24:49.073Z'
}
{
  message: 'Listening on port 4000',
  level: 'info',
  timestamp: '2020-03-30T13:24:59.817Z'
}
{
  message: 'connect to gamesStore mongoDB successfully',
  level: 'info',
  timestamp: '2020-03-30T13:25:00.160Z'
}
{
  message: 'Listening on port 4000',
  level: 'info',
  timestamp: '2020-03-30T13:25:56.161Z'
}
{
  message: 'connect to gamesStore mongoDB successfully',
  level: 'info',
  timestamp: '2020-03-30T13:25:56.529Z'
}
{
  message: 'Listening on port 4000',
  level: 'info',
  timestamp: '2020-03-30T13:26:11.136Z'
}
{
  message: 'connect to gamesStore mongoDB successfully',
  level: 'info',
  timestamp: '2020-03-30T13:26:11.439Z'
}
{
  message: 'Listening on port 4000',
  level: 'info',
  timestamp: '2020-03-30T13:26:40.989Z'
}
{
  message: 'connect to gamesStore mongoDB successfully',
  level: 'info',
  timestamp: '2020-03-30T13:26:41.317Z'
}
{
  message: 'Listening on port 4000',
  level: 'info',
  timestamp: '2020-03-30T13:26:46.851Z'
}
{
  message: 'connect to gamesStore mongoDB successfully',
  level: 'info',
  timestamp: '2020-03-30T13:26:47.165Z'
}
{
  message: 'Listening on port 4000',
  level: 'info',
  timestamp: '2020-03-30T13:27:02.995Z'
}
{
  message: 'connect to gamesStore mongoDB successfully',
  level: 'info',
  timestamp: '2020-03-30T13:27:03.348Z'
}
{
  message: 'Listening on port 4000',
  level: 'info',
  timestamp: '2020-03-30T13:27:12.688Z'
}
{
  message: 'connect to gamesStore mongoDB successfully',
  level: 'info',
  timestamp: '2020-03-30T13:27:12.985Z'
}
{
  message: 'Listening on port 4000',
  level: 'info',
  timestamp: '2020-03-30T13:28:37.067Z'
}
{
  message: 'connect to gamesStore mongoDB successfully',
  level: 'info',
  timestamp: '2020-03-30T13:28:37.571Z'
}
{
  message: 'Listening on port 4000',
  level: 'info',
  timestamp: '2020-03-30T13:30:43.511Z'
}
{
  message: 'connect to gamesStore mongoDB successfully',
  level: 'info',
  timestamp: '2020-03-30T13:30:43.803Z'
}
{
  message: 'Listening on port 4000',
  level: 'info',
  timestamp: '2020-03-30T13:30:54.763Z'
}
{
  message: 'connect to gamesStore mongoDB successfully',
  level: 'info',
  timestamp: '2020-03-30T13:30:55.109Z'
}
{
  message: 'Listening on port 4000',
  level: 'info',
  timestamp: '2020-03-30T13:31:43.360Z'
}
{
  message: 'connect to gamesStore mongoDB successfully',
  level: 'info',
  timestamp: '2020-03-30T13:31:43.721Z'
}
{
  message: 'Listening on port 4000',
  level: 'info',
  timestamp: '2020-03-30T13:31:53.875Z'
}
{
  message: 'connect to gamesStore mongoDB successfully',
  level: 'info',
  timestamp: '2020-03-30T13:31:54.180Z'
}
{
  message: 'Listening on port 4000',
  level: 'info',
  timestamp: '2020-03-30T13:31:59.864Z'
}
{
  message: 'connect to gamesStore mongoDB successfully',
  level: 'info',
  timestamp: '2020-03-30T13:32:00.444Z'
}
{
  message: 'Listening on port 4000',
  level: 'info',
  timestamp: '2020-03-30T13:32:52.632Z'
}
{
  message: 'connect to gamesStore mongoDB successfully',
  level: 'info',
  timestamp: '2020-03-30T13:32:52.948Z'
}
{
  message: 'Listening on port 4000',
  level: 'info',
  timestamp: '2020-03-30T13:33:20.611Z'
}
{
  message: 'connect to gamesStore mongoDB successfully',
  level: 'info',
  timestamp: '2020-03-30T13:33:20.963Z'
}
{
  message: 'Listening on port 4000',
  level: 'info',
  timestamp: '2020-03-30T13:34:29.484Z'
}
{
  message: 'connect to gamesStore mongoDB successfully',
  level: 'info',
  timestamp: '2020-03-30T13:34:29.854Z'
}
{
  message: 'Listening on port 4000',
  level: 'info',
  timestamp: '2020-03-30T13:34:34.003Z'
}
{
  message: 'connect to gamesStore mongoDB successfully',
  level: 'info',
  timestamp: '2020-03-30T13:34:34.392Z'
}
{
  message: 'Listening on port 4000',
  level: 'info',
  timestamp: '2020-03-30T13:34:43.337Z'
}
{
  message: 'connect to gamesStore mongoDB successfully',
  level: 'info',
  timestamp: '2020-03-30T13:34:43.680Z'
}
{
  message: 'Listening on port 4000',
  level: 'info',
  timestamp: '2020-03-30T13:34:50.322Z'
}
{
  message: 'connect to gamesStore mongoDB successfully',
  level: 'info',
  timestamp: '2020-03-30T13:34:50.602Z'
}
{
  message: 'Listening on port 4000',
  level: 'info',
  timestamp: '2020-03-30T13:34:56.709Z'
}
{
  message: 'connect to gamesStore mongoDB successfully',
  level: 'info',
  timestamp: '2020-03-30T13:34:56.985Z'
}
{
  message: 'Listening on port 4000',
  level: 'info',
  timestamp: '2020-03-30T13:35:25.358Z'
}
{
  message: 'connect to gamesStore mongoDB successfully',
  level: 'info',
  timestamp: '2020-03-30T13:35:25.688Z'
}
{
  message: 'Listening on port 4000',
  level: 'info',
  timestamp: '2020-03-30T13:35:48.914Z'
}
{
  message: 'connect to gamesStore mongoDB successfully',
  level: 'info',
  timestamp: '2020-03-30T13:35:49.277Z'
}
{
  message: 'Listening on port 4000',
  level: 'info',
  timestamp: '2020-03-30T13:36:09.449Z'
}
{
  message: 'connect to gamesStore mongoDB successfully',
  level: 'info',
  timestamp: '2020-03-30T13:36:09.695Z'
}
{
  message: 'Listening on port 4000',
  level: 'info',
  timestamp: '2020-03-30T13:36:23.009Z'
}
{
  message: 'connect to gamesStore mongoDB successfully',
  level: 'info',
  timestamp: '2020-03-30T13:36:23.302Z'
}
{
  message: 'Listening on port 4000',
  level: 'info',
  timestamp: '2020-03-30T13:36:34.474Z'
}
{
  message: 'connect to gamesStore mongoDB successfully',
  level: 'info',
  timestamp: '2020-03-30T13:36:34.889Z'
}
{
  message: 'Listening on port 4000',
  level: 'info',
  timestamp: '2020-03-30T13:36:42.576Z'
}
{
  message: 'connect to gamesStore mongoDB successfully',
  level: 'info',
  timestamp: '2020-03-30T13:36:42.865Z'
}
{
  message: 'Listening on port 4000',
  level: 'info',
  timestamp: '2020-03-30T13:36:57.668Z'
}
{
  message: 'connect to gamesStore mongoDB successfully',
  level: 'info',
  timestamp: '2020-03-30T13:36:57.979Z'
}
{
  message: 'Listening on port 4000',
  level: 'info',
  timestamp: '2020-03-30T13:37:08.571Z'
}
{
  message: 'connect to gamesStore mongoDB successfully',
  level: 'info',
  timestamp: '2020-03-30T13:37:09.008Z'
}
{
  message: 'Listening on port 4000',
  level: 'info',
  timestamp: '2020-03-30T13:38:04.419Z'
}
{
  message: 'connect to gamesStore mongoDB successfully',
  level: 'info',
  timestamp: '2020-03-30T13:38:04.715Z'
}
{
  message: 'Listening on port 4000',
  level: 'info',
  timestamp: '2020-03-30T13:38:10.098Z'
}
{
  message: 'connect to gamesStore mongoDB successfully',
  level: 'info',
  timestamp: '2020-03-30T13:38:10.462Z'
}
{
  message: 'Listening on port 4000',
  level: 'info',
  timestamp: '2020-03-30T13:38:16.797Z'
}
{
  message: 'connect to gamesStore mongoDB successfully',
  level: 'info',
  timestamp: '2020-03-30T13:38:17.209Z'
}
{
  message: 'Listening on port 4000',
  level: 'info',
  timestamp: '2020-03-30T13:38:24.327Z'
}
{
  message: 'connect to gamesStore mongoDB successfully',
  level: 'info',
  timestamp: '2020-03-30T13:38:24.677Z'
}
{
  message: 'Listening on port 4000',
  level: 'info',
  timestamp: '2020-03-30T13:39:10.802Z'
}
{
  message: 'connect to gamesStore mongoDB successfully',
  level: 'info',
  timestamp: '2020-03-30T13:39:11.163Z'
}
{
  message: 'Listening on port 4000',
  level: 'info',
  timestamp: '2020-03-30T13:39:15.671Z'
}
{
  message: 'connect to gamesStore mongoDB successfully',
  level: 'info',
  timestamp: '2020-03-30T13:39:16.009Z'
}
{
  message: 'Listening on port 4000',
  level: 'info',
  timestamp: '2020-03-30T13:39:23.092Z'
}
{
  message: 'connect to gamesStore mongoDB successfully',
  level: 'info',
  timestamp: '2020-03-30T13:39:23.423Z'
}
{
  message: 'Listening on port 4000',
  level: 'info',
  timestamp: '2020-03-30T13:39:32.327Z'
}
{
  message: 'connect to gamesStore mongoDB successfully',
  level: 'info',
  timestamp: '2020-03-30T13:39:32.658Z'
}
{
  message: 'Listening on port 4000',
  level: 'info',
  timestamp: '2020-03-30T13:39:34.117Z'
}
{
  message: 'connect to gamesStore mongoDB successfully',
  level: 'info',
  timestamp: '2020-03-30T13:39:34.465Z'
}
{
  message: 'Listening on port 4000',
  level: 'info',
  timestamp: '2020-03-30T13:39:49.738Z'
}
{
  message: 'Listening on port 4000',
  level: 'info',
  timestamp: '2020-03-30T13:39:51.499Z'
}
{
  message: 'connect to gamesStore mongoDB successfully',
  level: 'info',
  timestamp: '2020-03-30T13:39:51.790Z'
}
{
  message: 'Listening on port 4000',
  level: 'info',
  timestamp: '2020-03-30T13:39:54.080Z'
}
{
  message: 'connect to gamesStore mongoDB successfully',
  level: 'info',
  timestamp: '2020-03-30T13:39:54.378Z'
}
{
  message: 'Listening on port 4000',
  level: 'info',
  timestamp: '2020-03-30T13:39:55.512Z'
}
{
  message: 'connect to gamesStore mongoDB successfully',
  level: 'info',
  timestamp: '2020-03-30T13:39:55.806Z'
}
{
  message: 'Listening on port 4000',
  level: 'info',
  timestamp: '2020-03-30T13:40:03.639Z'
}
{
  message: 'connect to gamesStore mongoDB successfully',
  level: 'info',
  timestamp: '2020-03-30T13:40:03.892Z'
}
{
  message: 'Listening on port 4000',
  level: 'info',
  timestamp: '2020-03-30T13:40:23.575Z'
}
{
  message: 'connect to gamesStore mongoDB successfully',
  level: 'info',
  timestamp: '2020-03-30T13:40:23.905Z'
}
{
  message: 'Listening on port 4000',
  level: 'info',
  timestamp: '2020-03-30T13:40:28.549Z'
}
{
  message: 'connect to gamesStore mongoDB successfully',
  level: 'info',
  timestamp: '2020-03-30T13:40:28.793Z'
}
{
  message: 'Listening on port 4000',
  level: 'info',
  timestamp: '2020-03-30T13:40:47.905Z'
}
{
  message: 'connect to gamesStore mongoDB successfully',
  level: 'info',
  timestamp: '2020-03-30T13:40:48.228Z'
}
{
  message: 'Listening on port 4000',
  level: 'info',
  timestamp: '2020-03-30T13:40:56.171Z'
}
{
  message: 'connect to gamesStore mongoDB successfully',
  level: 'info',
  timestamp: '2020-03-30T13:40:56.539Z'
}
{
  message: 'Listening on port 4000',
  level: 'info',
  timestamp: '2020-03-30T13:41:06.298Z'
}
{
  message: 'connect to gamesStore mongoDB successfully',
  level: 'info',
  timestamp: '2020-03-30T13:41:06.568Z'
}
{
  message: 'Listening on port 4000',
  level: 'info',
  timestamp: '2020-03-30T13:41:17.077Z'
}
{
  message: 'connect to gamesStore mongoDB successfully',
  level: 'info',
  timestamp: '2020-03-30T13:41:17.417Z'
}
{
  message: 'Listening on port 4000',
  level: 'info',
  timestamp: '2020-03-30T13:41:45.238Z'
}
{
  message: 'connect to gamesStore mongoDB successfully',
  level: 'info',
  timestamp: '2020-03-30T13:41:45.691Z'
}
{
  message: 'Listening on port 4000',
  level: 'info',
  timestamp: '2020-03-30T13:42:22.362Z'
}
{
  message: 'connect to gamesStore mongoDB successfully',
  level: 'info',
  timestamp: '2020-03-30T13:42:22.818Z'
}
{
  message: 'Listening on port 4000',
  level: 'info',
  timestamp: '2020-03-30T13:42:36.942Z'
}
{
  message: 'connect to gamesStore mongoDB successfully',
  level: 'info',
  timestamp: '2020-03-30T13:42:37.354Z'
}
{
  message: 'Listening on port 4000',
  level: 'info',
  timestamp: '2020-03-30T13:42:49.473Z'
}
{
  message: 'connect to gamesStore mongoDB successfully',
  level: 'info',
  timestamp: '2020-03-30T13:42:49.823Z'
}
{
  message: 'Listening on port 4000',
  level: 'info',
  timestamp: '2020-03-30T13:43:01.555Z'
}
{
  message: 'connect to gamesStore mongoDB successfully',
  level: 'info',
  timestamp: '2020-03-30T13:43:01.967Z'
}
{
  message: 'Listening on port 4000',
  level: 'info',
  timestamp: '2020-03-30T13:43:18.812Z'
}
{
  message: 'connect to gamesStore mongoDB successfully',
  level: 'info',
  timestamp: '2020-03-30T13:43:19.188Z'
}
{
  message: 'Listening on port 4000',
  level: 'info',
  timestamp: '2020-03-30T13:43:48.014Z'
}
{
  message: 'connect to gamesStore mongoDB successfully',
  level: 'info',
  timestamp: '2020-03-30T13:43:48.441Z'
}
{
  message: 'Listening on port 4000',
  level: 'info',
  timestamp: '2020-03-30T13:44:03.433Z'
}
{
  message: 'connect to gamesStore mongoDB successfully',
  level: 'info',
  timestamp: '2020-03-30T13:44:03.817Z'
}
{
  message: 'Listening on port 4000',
  level: 'info',
  timestamp: '2020-03-30T13:44:14.213Z'
}
{
  message: 'connect to gamesStore mongoDB successfully',
  level: 'info',
  timestamp: '2020-03-30T13:44:14.592Z'
}
{
  message: 'Listening on port 4000',
  level: 'info',
  timestamp: '2020-03-30T13:44:52.306Z'
}
{
  message: 'connect to gamesStore mongoDB successfully',
  level: 'info',
  timestamp: '2020-03-30T13:44:52.675Z'
}
{
  message: 'Listening on port 4000',
  level: 'info',
  timestamp: '2020-03-30T13:45:07.984Z'
}
{
  message: 'connect to gamesStore mongoDB successfully',
  level: 'info',
  timestamp: '2020-03-30T13:45:08.343Z'
}
{
  message: 'Listening on port 4000',
  level: 'info',
  timestamp: '2020-03-30T13:45:16.768Z'
}
{
  message: 'connect to gamesStore mongoDB successfully',
  level: 'info',
  timestamp: '2020-03-30T13:45:17.154Z'
}
{
  message: 'Listening on port 4000',
  level: 'info',
  timestamp: '2020-03-30T13:45:24.096Z'
}
{
  message: 'connect to gamesStore mongoDB successfully',
  level: 'info',
  timestamp: '2020-03-30T13:45:24.402Z'
}
{
  message: 'Listening on port 4000',
  level: 'info',
  timestamp: '2020-03-30T13:45:36.700Z'
}
{
  message: 'connect to gamesStore mongoDB successfully',
  level: 'info',
  timestamp: '2020-03-30T13:45:37.029Z'
}
{
  message: 'Listening on port 4000',
  level: 'info',
  timestamp: '2020-03-30T13:45:45.102Z'
}
{
  message: 'connect to gamesStore mongoDB successfully',
  level: 'info',
  timestamp: '2020-03-30T13:45:45.405Z'
}
{
  message: 'Listening on port 4000',
  level: 'info',
  timestamp: '2020-03-30T13:46:13.771Z'
}
{
  message: 'connect to gamesStore mongoDB successfully',
  level: 'info',
  timestamp: '2020-03-30T13:46:14.317Z'
}
{
  message: 'Listening on port 4000',
  level: 'info',
  timestamp: '2020-03-30T13:46:19.321Z'
}
{
  message: 'connect to gamesStore mongoDB successfully',
  level: 'info',
  timestamp: '2020-03-30T13:46:19.743Z'
}
{
  message: 'Listening on port 4000',
  level: 'info',
  timestamp: '2020-03-30T13:46:22.545Z'
}
{
  message: 'connect to gamesStore mongoDB successfully',
  level: 'info',
  timestamp: '2020-03-30T13:46:23.310Z'
}
{
  message: 'Listening on port 4000',
  level: 'info',
  timestamp: '2020-03-30T13:46:34.361Z'
}
{
  message: 'connect to gamesStore mongoDB successfully',
  level: 'info',
  timestamp: '2020-03-30T13:46:34.711Z'
}
