{
  message: 'Inserted new tag with ID: 5e9d5cd0eff0891b489d83f4 ',
  level: 'info',
  timestamp: '2020-04-20T08:26:56.604Z'
}
{
  message: 'Inserted new tag with ID: 5e9d5cd2eff0891b489d83f5 ',
  level: 'info',
  timestamp: '2020-04-20T08:26:58.466Z'
}
{
  message: 'Inserted new tag with ID: 5e9d5cd8eff0891b489d83f6 ',
  level: 'info',
  timestamp: '2020-04-20T08:27:04.987Z'
}
{
  message: 'Inserted new tag with ID: 5e9d62d4eff0891b489d83f7 ',
  level: 'info',
  timestamp: '2020-04-20T08:52:36.553Z'
}
{
  message: 'Inserted new tag with ID: 5e9d62d9eff0891b489d83f8 ',
  level: 'info',
  timestamp: '2020-04-20T08:52:41.566Z'
}
{
  message: 'Inserted new game with Id: 5e9d653beff0891b489d83fb',
  level: 'info',
  timestamp: '2020-04-20T09:02:52.032Z'
}
{
  message: 'Inserted new game with Id: 5e9d65b4eff0891b489d83fc',
  level: 'info',
  timestamp: '2020-04-20T09:04:53.993Z'
}
{
  message: 'Inserted new tag with ID: 5e9d66b0eff0891b489d83fe ',
  level: 'info',
  timestamp: '2020-04-20T09:09:04.524Z'
}
{
  message: 'Inserted new tag with ID: 5e9d66b2eff0891b489d83ff ',
  level: 'info',
  timestamp: '2020-04-20T09:09:06.780Z'
}
{
  message: 'Inserted new game with Id: 5e9d66f7eff0891b489d8400',
  level: 'info',
  timestamp: '2020-04-20T09:10:16.066Z'
}
{
  message: 'Inserted new game with Id: 5e9d679aeff0891b489d8401',
  level: 'info',
  timestamp: '2020-04-20T09:13:01.379Z'
}
{
  message: 'Inserted new tag with ID: 5e9d6805eff0891b489d8402 ',
  level: 'info',
  timestamp: '2020-04-20T09:14:46.011Z'
}
{
  message: 'Inserted new tag with ID: 5e9d683eeff0891b489d8403 ',
  level: 'info',
  timestamp: '2020-04-20T09:15:42.395Z'
}
{
  message: 'Inserted new tag with ID: 5e9d6856eff0891b489d8404 ',
  level: 'info',
  timestamp: '2020-04-20T09:16:06.746Z'
}
{
  message: 'Inserted new tag with ID: 5e9d6858eff0891b489d8405 ',
  level: 'info',
  timestamp: '2020-04-20T09:16:08.345Z'
}
{
  message: 'Inserted new game with Id: 5e9d68f8eff0891b489d8408',
  level: 'info',
  timestamp: '2020-04-20T09:18:50.316Z'
}
{
  message: 'Inserted new game with Id: 5e9d6bddeff0891b489d840c',
  level: 'info',
  timestamp: '2020-04-20T09:31:09.204Z'
}
{
  message: 'Listening on port 4000',
  level: 'info',
  timestamp: '2020-04-20T10:00:38.917Z'
}
{
  message: 'connect to gamesStore mongoDB on cluster0-2hmvh.mongodb.net successfully',
  level: 'info',
  timestamp: '2020-04-20T10:00:39.293Z'
}
{
  message: 'Inserted new tag with ID: 5e9d7971d80d0b41e06c0ff0 ',
  level: 'info',
  timestamp: '2020-04-20T10:29:05.632Z'
}
{
  message: 'Inserted new game with Id: 5e9d79a9d80d0b41e06c0ff1',
  level: 'info',
  timestamp: '2020-04-20T10:30:01.179Z'
}
{
  message: 'Listening on port 4000',
  level: 'info',
  timestamp: '2020-04-20T10:30:52.152Z'
}
{
  message: 'connect to gamesStore mongoDB on cluster0-2hmvh.mongodb.net successfully',
  level: 'info',
  timestamp: '2020-04-20T10:30:52.584Z'
}
{
  message: 'Inserted new game with Id: 5e9d7a3a9841cc477c182439',
  level: 'info',
  timestamp: '2020-04-20T10:32:26.684Z'
}
{
  message: 'Inserted new game with Id: 5e9d7a7b9841cc477c18243a',
  level: 'info',
  timestamp: '2020-04-20T10:33:32.366Z'
}
{
  message: 'Inserted new game with Id: 5e9d7a8a9841cc477c18243b',
  level: 'info',
  timestamp: '2020-04-20T10:33:47.418Z'
}
{
  message: 'Listening on port 4000',
  level: 'info',
  timestamp: '2020-04-20T10:37:29.589Z'
}
{
  message: 'connect to gamesStore mongoDB on cluster0-2hmvh.mongodb.net successfully',
  level: 'info',
  timestamp: '2020-04-20T10:37:30.043Z'
}
{
  message: 'Listening on port 4000',
  level: 'info',
  timestamp: '2020-04-20T10:37:54.917Z'
}
{
  message: 'connect to gamesStore mongoDB on cluster0-2hmvh.mongodb.net successfully',
  level: 'info',
  timestamp: '2020-04-20T10:37:55.262Z'
}
{
  message: 'Inserted new game with Id: 5e9d7c1cea3bf5384c7b20e5',
  level: 'info',
  timestamp: '2020-04-20T10:40:28.998Z'
}
{
  message: 'Inserted new game with Id: 5e9d8a18ea3bf5384c7b20e6',
  level: 'info',
  timestamp: '2020-04-20T11:40:08.156Z'
}
{
  message: 'Inserted new game with Id: 5e9d8a3bea3bf5384c7b20e7',
  level: 'info',
  timestamp: '2020-04-20T11:40:43.819Z'
}
{
  message: 'Inserted new game with Id: 5e9d8acdea3bf5384c7b20e8',
  level: 'info',
  timestamp: '2020-04-20T11:43:11.814Z'
}
{
  message: 'Inserted new game with Id: 5e9d8aebea3bf5384c7b20e9',
  level: 'info',
  timestamp: '2020-04-20T11:43:42.245Z'
}
{
  message: 'Listening on port 4000',
  level: 'info',
  timestamp: '2020-04-20T11:53:32.191Z'
}
{
  message: 'connect to gamesStore mongoDB on cluster0-2hmvh.mongodb.net successfully',
  level: 'info',
  timestamp: '2020-04-20T11:53:32.579Z'
}
{
  message: 'Listening on port 4000',
  level: 'info',
  timestamp: '2020-04-20T11:53:43.757Z'
}
{
  message: 'connect to gamesStore mongoDB on cluster0-2hmvh.mongodb.net successfully',
  level: 'info',
  timestamp: '2020-04-20T11:53:44.033Z'
}
{
  message: 'Listening on port 4000',
  level: 'info',
  timestamp: '2020-04-20T11:54:03.649Z'
}
{
  message: 'connect to gamesStore mongoDB on cluster0-2hmvh.mongodb.net successfully',
  level: 'info',
  timestamp: '2020-04-20T11:54:03.934Z'
}
{
  message: 'Listening on port 4000',
  level: 'info',
  timestamp: '2020-04-20T11:54:25.705Z'
}
{
  message: 'connect to gamesStore mongoDB on cluster0-2hmvh.mongodb.net successfully',
  level: 'info',
  timestamp: '2020-04-20T11:54:26.063Z'
}
{
  message: 'Listening on port 4000',
  level: 'info',
  timestamp: '2020-04-20T11:55:43.081Z'
}
{
  message: 'connect to gamesStore mongoDB on cluster0-2hmvh.mongodb.net successfully',
  level: 'info',
  timestamp: '2020-04-20T11:55:43.453Z'
}
{
  message: 'Listening on port 4000',
  level: 'info',
  timestamp: '2020-04-20T11:57:30.368Z'
}
{
  message: 'connect to gamesStore mongoDB on cluster0-2hmvh.mongodb.net successfully',
  level: 'info',
  timestamp: '2020-04-20T11:57:30.893Z'
}
{
  message: 'Listening on port 4000',
  level: 'info',
  timestamp: '2020-04-20T11:57:42.059Z'
}
{
  message: 'connect to gamesStore mongoDB on cluster0-2hmvh.mongodb.net successfully',
  level: 'info',
  timestamp: '2020-04-20T11:57:42.396Z'
}
{
  message: 'Listening on port 4000',
  level: 'info',
  timestamp: '2020-04-20T11:58:33.587Z'
}
{
  message: 'connect to gamesStore mongoDB on cluster0-2hmvh.mongodb.net successfully',
  level: 'info',
  timestamp: '2020-04-20T11:58:33.896Z'
}
{
  message: 'Listening on port 4000',
  level: 'info',
  timestamp: '2020-04-20T11:58:42.843Z'
}
{
  message: 'connect to gamesStore mongoDB on cluster0-2hmvh.mongodb.net successfully',
  level: 'info',
  timestamp: '2020-04-20T11:58:43.253Z'
}
{
  message: 'Listening on port 4000',
  level: 'info',
  timestamp: '2020-04-20T12:00:02.192Z'
}
{
  message: 'connect to gamesStore mongoDB on cluster0-2hmvh.mongodb.net successfully',
  level: 'info',
  timestamp: '2020-04-20T12:00:02.597Z'
}
{
  message: 'Listening on port 4000',
  level: 'info',
  timestamp: '2020-04-20T12:00:06.952Z'
}
{
  message: 'connect to gamesStore mongoDB on cluster0-2hmvh.mongodb.net successfully',
  level: 'info',
  timestamp: '2020-04-20T12:00:07.262Z'
}
{
  message: 'Listening on port 4000',
  level: 'info',
  timestamp: '2020-04-20T12:00:22.805Z'
}
{
  message: 'connect to gamesStore mongoDB on cluster0-2hmvh.mongodb.net successfully',
  level: 'info',
  timestamp: '2020-04-20T12:00:23.139Z'
}
{
  message: 'Listening on port 4000',
  level: 'info',
  timestamp: '2020-04-20T12:00:27.868Z'
}
{
  message: 'connect to gamesStore mongoDB on cluster0-2hmvh.mongodb.net successfully',
  level: 'info',
  timestamp: '2020-04-20T12:00:28.163Z'
}
{
  message: 'Listening on port 4000',
  level: 'info',
  timestamp: '2020-04-20T12:00:55.170Z'
}
{
  message: 'connect to gamesStore mongoDB on cluster0-2hmvh.mongodb.net successfully',
  level: 'info',
  timestamp: '2020-04-20T12:00:55.488Z'
}
{
  message: 'Listening on port 4000',
  level: 'info',
  timestamp: '2020-04-20T12:00:59.728Z'
}
{
  message: 'connect to gamesStore mongoDB on cluster0-2hmvh.mongodb.net successfully',
  level: 'info',
  timestamp: '2020-04-20T12:01:00.066Z'
}
{
  message: 'Listening on port 4000',
  level: 'info',
  timestamp: '2020-04-20T12:01:10.268Z'
}
{
  message: 'connect to gamesStore mongoDB on cluster0-2hmvh.mongodb.net successfully',
  level: 'info',
  timestamp: '2020-04-20T12:01:10.732Z'
}
{
  message: 'Listening on port 4000',
  level: 'info',
  timestamp: '2020-04-20T12:01:16.034Z'
}
{
  message: 'connect to gamesStore mongoDB on cluster0-2hmvh.mongodb.net successfully',
  level: 'info',
  timestamp: '2020-04-20T12:01:16.410Z'
}
{
  message: 'Listening on port 4000',
  level: 'info',
  timestamp: '2020-04-20T12:01:26.086Z'
}
{
  message: 'connect to gamesStore mongoDB on cluster0-2hmvh.mongodb.net successfully',
  level: 'info',
  timestamp: '2020-04-20T12:01:26.376Z'
}
{
  message: 'Listening on port 4000',
  level: 'info',
  timestamp: '2020-04-20T12:01:36.086Z'
}
{
  message: 'connect to gamesStore mongoDB on cluster0-2hmvh.mongodb.net successfully',
  level: 'info',
  timestamp: '2020-04-20T12:01:36.408Z'
}
{
  message: 'Listening on port 4000',
  level: 'info',
  timestamp: '2020-04-20T12:01:47.745Z'
}
{
  message: 'connect to gamesStore mongoDB on cluster0-2hmvh.mongodb.net successfully',
  level: 'info',
  timestamp: '2020-04-20T12:01:48.053Z'
}
{
  message: 'Listening on port 4000',
  level: 'info',
  timestamp: '2020-04-20T12:02:09.237Z'
}
{
  message: 'connect to gamesStore mongoDB on cluster0-2hmvh.mongodb.net successfully',
  level: 'info',
  timestamp: '2020-04-20T12:02:09.858Z'
}
{
  message: 'Listening on port 4000',
  level: 'info',
  timestamp: '2020-04-20T12:02:11.971Z'
}
{
  message: 'connect to gamesStore mongoDB on cluster0-2hmvh.mongodb.net successfully',
  level: 'info',
  timestamp: '2020-04-20T12:02:12.246Z'
}
{
  message: 'Listening on port 4000',
  level: 'info',
  timestamp: '2020-04-20T12:04:36.605Z'
}
{
  message: 'connect to gamesStore mongoDB on cluster0-2hmvh.mongodb.net successfully',
  level: 'info',
  timestamp: '2020-04-20T12:04:36.975Z'
}
{
  message: 'Listening on port 4000',
  level: 'info',
  timestamp: '2020-04-20T12:04:46.786Z'
}
{
  message: 'connect to gamesStore mongoDB on cluster0-2hmvh.mongodb.net successfully',
  level: 'info',
  timestamp: '2020-04-20T12:04:47.185Z'
}
{
  message: 'Listening on port 4000',
  level: 'info',
  timestamp: '2020-04-20T12:05:03.387Z'
}
{
  message: 'connect to gamesStore mongoDB on cluster0-2hmvh.mongodb.net successfully',
  level: 'info',
  timestamp: '2020-04-20T12:05:03.667Z'
}
{
  message: 'Listening on port 4000',
  level: 'info',
  timestamp: '2020-04-20T12:05:42.697Z'
}
{
  message: 'connect to gamesStore mongoDB on cluster0-2hmvh.mongodb.net successfully',
  level: 'info',
  timestamp: '2020-04-20T12:05:43.099Z'
}
{
  message: 'Listening on port 4000',
  level: 'info',
  timestamp: '2020-04-20T12:05:46.298Z'
}
{
  message: 'connect to gamesStore mongoDB on cluster0-2hmvh.mongodb.net successfully',
  level: 'info',
  timestamp: '2020-04-20T12:05:46.598Z'
}
{
  message: 'Listening on port 4000',
  level: 'info',
  timestamp: '2020-04-20T12:07:00.091Z'
}
{
  message: 'connect to gamesStore mongoDB on cluster0-2hmvh.mongodb.net successfully',
  level: 'info',
  timestamp: '2020-04-20T12:07:00.535Z'
}
{
  message: 'Listening on port 4000',
  level: 'info',
  timestamp: '2020-04-20T12:07:53.337Z'
}
{
  message: 'connect to gamesStore mongoDB on cluster0-2hmvh.mongodb.net successfully',
  level: 'info',
  timestamp: '2020-04-20T12:07:53.731Z'
}
{
  message: 'Listening on port 4000',
  level: 'info',
  timestamp: '2020-04-20T12:08:11.162Z'
}
{
  message: 'connect to gamesStore mongoDB on cluster0-2hmvh.mongodb.net successfully',
  level: 'info',
  timestamp: '2020-04-20T12:08:11.745Z'
}
{
  message: 'Listening on port 4000',
  level: 'info',
  timestamp: '2020-04-20T12:08:59.407Z'
}
{
  message: 'connect to gamesStore mongoDB on cluster0-2hmvh.mongodb.net successfully',
  level: 'info',
  timestamp: '2020-04-20T12:08:59.799Z'
}
{
  message: 'Listening on port 4000',
  level: 'info',
  timestamp: '2020-04-20T12:09:03.389Z'
}
{
  message: 'connect to gamesStore mongoDB on cluster0-2hmvh.mongodb.net successfully',
  level: 'info',
  timestamp: '2020-04-20T12:09:03.705Z'
}
{
  message: 'Listening on port 4000',
  level: 'info',
  timestamp: '2020-04-20T12:09:44.742Z'
}
{
  message: 'connect to gamesStore mongoDB on cluster0-2hmvh.mongodb.net successfully',
  level: 'info',
  timestamp: '2020-04-20T12:09:45.089Z'
}
{
  message: 'Listening on port 4000',
  level: 'info',
  timestamp: '2020-04-20T12:09:46.783Z'
}
{
  message: 'connect to gamesStore mongoDB on cluster0-2hmvh.mongodb.net successfully',
  level: 'info',
  timestamp: '2020-04-20T12:09:47.107Z'
}
{
  message: 'Listening on port 4000',
  level: 'info',
  timestamp: '2020-04-20T12:10:12.066Z'
}
{
  message: 'connect to gamesStore mongoDB on cluster0-2hmvh.mongodb.net successfully',
  level: 'info',
  timestamp: '2020-04-20T12:10:12.432Z'
}
{
  message: 'Listening on port 4000',
  level: 'info',
  timestamp: '2020-04-20T12:10:16.770Z'
}
{
  message: 'connect to gamesStore mongoDB on cluster0-2hmvh.mongodb.net successfully',
  level: 'info',
  timestamp: '2020-04-20T12:10:17.134Z'
}
{
  message: 'Listening on port 4000',
  level: 'info',
  timestamp: '2020-04-20T12:11:23.589Z'
}
{
  message: 'connect to gamesStore mongoDB on cluster0-2hmvh.mongodb.net successfully',
  level: 'info',
  timestamp: '2020-04-20T12:11:24.057Z'
}
{
  message: 'Listening on port 4000',
  level: 'info',
  timestamp: '2020-04-20T12:11:30.738Z'
}
{
  message: 'connect to gamesStore mongoDB on cluster0-2hmvh.mongodb.net successfully',
  level: 'info',
  timestamp: '2020-04-20T12:11:31.200Z'
}
{
  message: 'Listening on port 4000',
  level: 'info',
  timestamp: '2020-04-20T12:11:54.809Z'
}
{
  message: 'connect to gamesStore mongoDB on cluster0-2hmvh.mongodb.net successfully',
  level: 'info',
  timestamp: '2020-04-20T12:11:55.292Z'
}
{
  message: 'Listening on port 4000',
  level: 'info',
  timestamp: '2020-04-20T12:12:16.173Z'
}
{
  message: 'Listening on port 4000',
  level: 'info',
  timestamp: '2020-04-20T12:12:18.900Z'
}
{
  message: 'connect to gamesStore mongoDB on cluster0-2hmvh.mongodb.net successfully',
  level: 'info',
  timestamp: '2020-04-20T12:12:19.255Z'
}
{
  message: 'Listening on port 4000',
  level: 'info',
  timestamp: '2020-04-20T12:21:08.103Z'
}
{
  message: 'connect to gamesStore mongoDB on cluster0-2hmvh.mongodb.net successfully',
  level: 'info',
  timestamp: '2020-04-20T12:21:08.459Z'
}
{
  message: 'Listening on port 4000',
  level: 'info',
  timestamp: '2020-04-20T12:21:15.749Z'
}
{
  message: 'connect to gamesStore mongoDB on cluster0-2hmvh.mongodb.net successfully',
  level: 'info',
  timestamp: '2020-04-20T12:21:16.103Z'
}
{
  message: 'Listening on port 4000',
  level: 'info',
  timestamp: '2020-04-20T12:21:19.085Z'
}
{
  message: 'connect to gamesStore mongoDB on cluster0-2hmvh.mongodb.net successfully',
  level: 'info',
  timestamp: '2020-04-20T12:21:19.398Z'
}
{
  message: 'Listening on port 4000',
  level: 'info',
  timestamp: '2020-04-20T12:25:47.388Z'
}
{
  message: 'connect to gamesStore mongoDB on cluster0-2hmvh.mongodb.net successfully',
  level: 'info',
  timestamp: '2020-04-20T12:25:47.927Z'
}
{
  message: 'Listening on port 4000',
  level: 'info',
  timestamp: '2020-04-20T12:26:04.216Z'
}
{
  message: 'connect to gamesStore mongoDB on cluster0-2hmvh.mongodb.net successfully',
  level: 'info',
  timestamp: '2020-04-20T12:26:04.517Z'
}
{
  message: 'Listening on port 4000',
  level: 'info',
  timestamp: '2020-04-20T12:26:11.314Z'
}
{
  message: 'connect to gamesStore mongoDB on cluster0-2hmvh.mongodb.net successfully',
  level: 'info',
  timestamp: '2020-04-20T12:26:11.786Z'
}
{
  message: 'Listening on port 4000',
  level: 'info',
  timestamp: '2020-04-20T12:26:28.736Z'
}
{
  message: 'connect to gamesStore mongoDB on cluster0-2hmvh.mongodb.net successfully',
  level: 'info',
  timestamp: '2020-04-20T12:26:29.188Z'
}
{
  message: 'Listening on port 4000',
  level: 'info',
  timestamp: '2020-04-20T12:26:37.723Z'
}
{
  message: 'connect to gamesStore mongoDB on cluster0-2hmvh.mongodb.net successfully',
  level: 'info',
  timestamp: '2020-04-20T12:26:38.158Z'
}
{
  message: 'Listening on port 4000',
  level: 'info',
  timestamp: '2020-04-20T12:26:58.537Z'
}
{
  message: 'connect to gamesStore mongoDB on cluster0-2hmvh.mongodb.net successfully',
  level: 'info',
  timestamp: '2020-04-20T12:26:58.936Z'
}
{
  message: 'Listening on port 4000',
  level: 'info',
  timestamp: '2020-04-20T12:27:50.014Z'
}
{
  message: 'connect to gamesStore mongoDB on cluster0-2hmvh.mongodb.net successfully',
  level: 'info',
  timestamp: '2020-04-20T12:27:50.587Z'
}
{
  message: 'Listening on port 4000',
  level: 'info',
  timestamp: '2020-04-20T12:28:31.537Z'
}
{
  message: 'connect to gamesStore mongoDB on cluster0-2hmvh.mongodb.net successfully',
  level: 'info',
  timestamp: '2020-04-20T12:28:32.067Z'
}
{
  message: 'Listening on port 4000',
  level: 'info',
  timestamp: '2020-04-20T12:29:08.161Z'
}
{
  message: 'connect to gamesStore mongoDB on cluster0-2hmvh.mongodb.net successfully',
  level: 'info',
  timestamp: '2020-04-20T12:29:08.613Z'
}
{
  message: 'Listening on port 4000',
  level: 'info',
  timestamp: '2020-04-20T12:29:21.796Z'
}
{
  message: 'connect to gamesStore mongoDB on cluster0-2hmvh.mongodb.net successfully',
  level: 'info',
  timestamp: '2020-04-20T12:29:22.178Z'
}
{
  message: 'Listening on port 4000',
  level: 'info',
  timestamp: '2020-04-20T12:30:05.103Z'
}
{
  message: 'connect to gamesStore mongoDB on cluster0-2hmvh.mongodb.net successfully',
  level: 'info',
  timestamp: '2020-04-20T12:30:10.486Z'
}
{
  message: 'Listening on port 4000',
  level: 'info',
  timestamp: '2020-04-20T12:30:39.991Z'
}
{
  message: 'connect to gamesStore mongoDB on cluster0-2hmvh.mongodb.net successfully',
  level: 'info',
  timestamp: '2020-04-20T12:30:40.352Z'
}
{
  message: 'Listening on port 4000',
  level: 'info',
  timestamp: '2020-04-20T12:58:02.220Z'
}
{
  message: 'connect to gamesStore mongoDB on cluster0-2hmvh.mongodb.net successfully',
  level: 'info',
  timestamp: '2020-04-20T12:58:02.927Z'
}
{
  message: 'Listening on port 4000',
  level: 'info',
  timestamp: '2020-04-20T12:58:09.353Z'
}
{
  message: 'connect to gamesStore mongoDB on cluster0-2hmvh.mongodb.net successfully',
  level: 'info',
  timestamp: '2020-04-20T12:58:09.710Z'
}
{
  message: 'Listening on port 4000',
  level: 'info',
  timestamp: '2020-04-20T12:58:11.849Z'
}
{
  message: 'connect to gamesStore mongoDB on cluster0-2hmvh.mongodb.net successfully',
  level: 'info',
  timestamp: '2020-04-20T12:58:12.339Z'
}
{
  message: 'Inserted new platform with ID: 5e9d9c7c61a95610281288d2 ',
  level: 'info',
  timestamp: '2020-04-20T12:58:36.671Z'
}
{
  message: 'Listening on port 4000',
  level: 'info',
  timestamp: '2020-04-20T13:00:24.197Z'
}
{
  message: 'connect to gamesStore mongoDB on cluster0-2hmvh.mongodb.net successfully',
  level: 'info',
  timestamp: '2020-04-20T13:00:24.629Z'
}
{
  message: 'Updated platform with ID: 5e9d9c7c61a95610281288d2',
  level: 'info',
  timestamp: '2020-04-20T13:00:30.676Z'
}
{
  message: 'Listening on port 4000',
  level: 'info',
  timestamp: '2020-04-20T13:56:45.155Z'
}
{
  message: 'connect to gamesStore mongoDB on cluster0-2hmvh.mongodb.net successfully',
  level: 'info',
  timestamp: '2020-04-20T13:56:45.511Z'
}
{
  message: 'Inserted new game with Id: 5e9dadd62b39a232c8f4a91e',
  level: 'info',
  timestamp: '2020-04-20T14:12:38.854Z'
}
{
  message: 'Inserted new tag with ID: 5e9daf752b39a232c8f4a91f ',
  level: 'info',
  timestamp: '2020-04-20T14:19:33.910Z'
}
{
  message: 'Inserted new game with Id: 5e9dafa92b39a232c8f4a920',
  level: 'info',
  timestamp: '2020-04-20T14:20:25.897Z'
}
{
  message: 'Inserted new game with Id: 5e9db06b2b39a232c8f4a921',
  level: 'info',
  timestamp: '2020-04-20T14:23:39.837Z'
}
{
  message: 'Listening on port 4000',
  level: 'info',
  timestamp: '2020-04-20T14:26:34.540Z'
}
{
  message: 'Listening on port 4000',
  level: 'info',
  timestamp: '2020-04-20T14:27:22.375Z'
}
{
  message: 'Listening on port 4000',
  level: 'info',
  timestamp: '2020-04-20T14:27:57.269Z'
}
{
  message: 'Listening on port 4000',
  level: 'info',
  timestamp: '2020-04-20T14:28:25.302Z'
}
{
  message: 'connect to gamesStore mongoDB on cluster0-2hmvh.mongodb.net successfully',
  level: 'info',
  timestamp: '2020-04-20T14:28:25.701Z'
}
{
  message: 'Inserted new game with Id: 5e9db23e3cce6847bcbd1fca',
  level: 'info',
  timestamp: '2020-04-20T14:31:26.469Z'
}
{
  message: 'Inserted new game with Id: 5e9db28d3cce6847bcbd1fcb',
  level: 'info',
  timestamp: '2020-04-20T14:32:45.543Z'
}
{
  message: 'Inserted new game with Id: 5e9db2aa3cce6847bcbd1fcc',
  level: 'info',
  timestamp: '2020-04-20T14:33:14.416Z'
}
{
  message: 'Listening on port 4000',
  level: 'info',
  timestamp: '2020-04-20T14:39:55.055Z'
}
{
  message: 'connect to gamesStore mongoDB on cluster0-2hmvh.mongodb.net successfully',
  level: 'info',
  timestamp: '2020-04-20T14:39:55.522Z'
}
{
  message: 'Listening on port 4000',
  level: 'info',
  timestamp: '2020-04-20T14:42:59.322Z'
}
{
  message: 'connect to gamesStore mongoDB on cluster0-2hmvh.mongodb.net successfully',
  level: 'info',
  timestamp: '2020-04-20T14:43:00.170Z'
}
